<?xml version="1.0" encoding="UTF-8"?>
<testsuite name="com.rollbar.rollbardemo.RollbarDemoApplicationTests" tests="1" skipped="0" failures="0" errors="0" timestamp="2022-01-08T18:02:15" hostname="UE-M-NOTE-0180.local" time="0.238">
  <properties/>
  <testcase name="contextLoads()" classname="com.rollbar.rollbardemo.RollbarDemoApplicationTests" time="0.238"/>
  <system-out><![CDATA[23:32:12.786 [Test worker] DEBUG org.springframework.test.context.BootstrapUtils - Instantiating CacheAwareContextLoaderDelegate from class [org.springframework.test.context.cache.DefaultCacheAwareContextLoaderDelegate]
23:32:12.793 [Test worker] DEBUG org.springframework.test.context.BootstrapUtils - Instantiating BootstrapContext using constructor [public org.springframework.test.context.support.DefaultBootstrapContext(java.lang.Class,org.springframework.test.context.CacheAwareContextLoaderDelegate)]
23:32:12.840 [Test worker] DEBUG org.springframework.test.context.BootstrapUtils - Instantiating TestContextBootstrapper for test class [com.rollbar.rollbardemo.RollbarDemoApplicationTests] from class [org.springframework.boot.test.context.SpringBootTestContextBootstrapper]
23:32:12.851 [Test worker] INFO org.springframework.boot.test.context.SpringBootTestContextBootstrapper - Neither @ContextConfiguration nor @ContextHierarchy found for test class [com.rollbar.rollbardemo.RollbarDemoApplicationTests], using SpringBootContextLoader
23:32:12.854 [Test worker] DEBUG org.springframework.test.context.support.AbstractContextLoader - Did not detect default resource location for test class [com.rollbar.rollbardemo.RollbarDemoApplicationTests]: class path resource [com/rollbar/rollbardemo/RollbarDemoApplicationTests-context.xml] does not exist
23:32:12.855 [Test worker] DEBUG org.springframework.test.context.support.AbstractContextLoader - Did not detect default resource location for test class [com.rollbar.rollbardemo.RollbarDemoApplicationTests]: class path resource [com/rollbar/rollbardemo/RollbarDemoApplicationTestsContext.groovy] does not exist
23:32:12.855 [Test worker] INFO org.springframework.test.context.support.AbstractContextLoader - Could not detect default resource locations for test class [com.rollbar.rollbardemo.RollbarDemoApplicationTests]: no resource found for suffixes {-context.xml, Context.groovy}.
23:32:12.856 [Test worker] INFO org.springframework.test.context.support.AnnotationConfigContextLoaderUtils - Could not detect default configuration classes for test class [com.rollbar.rollbardemo.RollbarDemoApplicationTests]: RollbarDemoApplicationTests does not declare any static, non-private, non-final, nested classes annotated with @Configuration.
23:32:12.892 [Test worker] DEBUG org.springframework.test.context.support.ActiveProfilesUtils - Could not find an 'annotation declaring class' for annotation type [org.springframework.test.context.ActiveProfiles] and class [com.rollbar.rollbardemo.RollbarDemoApplicationTests]
23:32:12.958 [Test worker] DEBUG org.springframework.context.annotation.ClassPathScanningCandidateComponentProvider - Identified candidate component class: file [/Users/mukul.jha/Documents/RollbarSpringbootDemo/build/classes/java/main/com/rollbar/rollbardemo/RollbarDemoApplication.class]
23:32:12.959 [Test worker] INFO org.springframework.boot.test.context.SpringBootTestContextBootstrapper - Found @SpringBootConfiguration com.rollbar.rollbardemo.RollbarDemoApplication for test class com.rollbar.rollbardemo.RollbarDemoApplicationTests
23:32:13.026 [Test worker] DEBUG org.springframework.boot.test.context.SpringBootTestContextBootstrapper - @TestExecutionListeners is not present for class [com.rollbar.rollbardemo.RollbarDemoApplicationTests]: using defaults.
23:32:13.026 [Test worker] INFO org.springframework.boot.test.context.SpringBootTestContextBootstrapper - Loaded default TestExecutionListener class names from location [META-INF/spring.factories]: [org.springframework.boot.test.autoconfigure.restdocs.RestDocsTestExecutionListener, org.springframework.boot.test.autoconfigure.web.client.MockRestServiceServerResetTestExecutionListener, org.springframework.boot.test.autoconfigure.web.servlet.MockMvcPrintOnlyOnFailureTestExecutionListener, org.springframework.boot.test.autoconfigure.web.servlet.WebDriverTestExecutionListener, org.springframework.boot.test.autoconfigure.webservices.client.MockWebServiceServerTestExecutionListener, org.springframework.boot.test.mock.mockito.MockitoTestExecutionListener, org.springframework.boot.test.mock.mockito.ResetMocksTestExecutionListener, org.springframework.test.context.web.ServletTestExecutionListener, org.springframework.test.context.support.DirtiesContextBeforeModesTestExecutionListener, org.springframework.test.context.event.ApplicationEventsTestExecutionListener, org.springframework.test.context.support.DependencyInjectionTestExecutionListener, org.springframework.test.context.support.DirtiesContextTestExecutionListener, org.springframework.test.context.transaction.TransactionalTestExecutionListener, org.springframework.test.context.jdbc.SqlScriptsTestExecutionListener, org.springframework.test.context.event.EventPublishingTestExecutionListener]
23:32:13.034 [Test worker] DEBUG org.springframework.boot.test.context.SpringBootTestContextBootstrapper - Skipping candidate TestExecutionListener [org.springframework.test.context.transaction.TransactionalTestExecutionListener] due to a missing dependency. Specify custom listener classes or make the default listener classes and their required dependencies available. Offending class: [org/springframework/transaction/interceptor/TransactionAttributeSource]
23:32:13.034 [Test worker] DEBUG org.springframework.boot.test.context.SpringBootTestContextBootstrapper - Skipping candidate TestExecutionListener [org.springframework.test.context.jdbc.SqlScriptsTestExecutionListener] due to a missing dependency. Specify custom listener classes or make the default listener classes and their required dependencies available. Offending class: [org/springframework/transaction/interceptor/TransactionAttribute]
23:32:13.034 [Test worker] INFO org.springframework.boot.test.context.SpringBootTestContextBootstrapper - Using TestExecutionListeners: [org.springframework.test.context.web.ServletTestExecutionListener@5a62b2a4, org.springframework.test.context.support.DirtiesContextBeforeModesTestExecutionListener@1051817b, org.springframework.test.context.event.ApplicationEventsTestExecutionListener@35293c05, org.springframework.boot.test.mock.mockito.MockitoTestExecutionListener@620aa4ea, org.springframework.boot.test.autoconfigure.SpringBootDependencyInjectionTestExecutionListener@2db2dd9d, org.springframework.test.context.support.DirtiesContextTestExecutionListener@3174cb09, org.springframework.test.context.event.EventPublishingTestExecutionListener@4d411036, org.springframework.boot.test.autoconfigure.restdocs.RestDocsTestExecutionListener@7adbd080, org.springframework.boot.test.autoconfigure.web.client.MockRestServiceServerResetTestExecutionListener@41beb473, org.springframework.boot.test.autoconfigure.web.servlet.MockMvcPrintOnlyOnFailureTestExecutionListener@560513ce, org.springframework.boot.test.autoconfigure.web.servlet.WebDriverTestExecutionListener@13006998, org.springframework.boot.test.autoconfigure.webservices.client.MockWebServiceServerTestExecutionListener@37fbe4a8, org.springframework.boot.test.mock.mockito.ResetMocksTestExecutionListener@352c308]
23:32:13.037 [Test worker] DEBUG org.springframework.test.context.support.AbstractDirtiesContextTestExecutionListener - Before test class: context [DefaultTestContext@287f94b1 testClass = RollbarDemoApplicationTests, testInstance = [null], testMethod = [null], testException = [null], mergedContextConfiguration = [WebMergedContextConfiguration@30b34287 testClass = RollbarDemoApplicationTests, locations = '{}', classes = '{class com.rollbar.rollbardemo.RollbarDemoApplication}', contextInitializerClasses = '[]', activeProfiles = '{}', propertySourceLocations = '{}', propertySourceProperties = '{org.springframework.boot.test.context.SpringBootTestContextBootstrapper=true}', contextCustomizers = set[org.springframework.boot.test.autoconfigure.actuate.metrics.MetricsExportContextCustomizerFactory$DisableMetricExportContextCustomizer@3a0d172f, org.springframework.boot.test.autoconfigure.properties.PropertyMappingContextCustomizer@0, org.springframework.boot.test.autoconfigure.web.servlet.WebDriverContextCustomizerFactory$Customizer@4e858e0a, org.springframework.boot.test.context.filter.ExcludeFilterContextCustomizer@5733f295, org.springframework.boot.test.json.DuplicateJsonObjectContextCustomizerFactory$DuplicateJsonObjectContextCustomizer@47a86fbb, org.springframework.boot.test.mock.mockito.MockitoContextCustomizer@0, org.springframework.boot.test.web.client.TestRestTemplateContextCustomizer@793138bd, org.springframework.boot.test.context.SpringBootTestArgs@1, org.springframework.boot.test.context.SpringBootTestWebEnvironment@2f953efd], resourceBasePath = 'src/main/webapp', contextLoader = 'org.springframework.boot.test.context.SpringBootContextLoader', parent = [null]], attributes = map['org.springframework.test.context.web.ServletTestExecutionListener.activateListener' -> true]], class annotated with @DirtiesContext [false] with mode [null].
23:32:13.089 [Test worker] DEBUG org.springframework.boot.ApplicationServletEnvironment - Activating profiles []
23:32:13.090 [Test worker] DEBUG org.springframework.test.context.support.TestPropertySourceUtils - Adding inlined properties to environment: {spring.jmx.enabled=false, org.springframework.boot.test.context.SpringBootTestContextBootstrapper=true}

  .   ____          _            __ _ _
 /\\ / ___'_ __ _ _(_)_ __  __ _ \ \ \ \
( ( )\___ | '_ | '_| | '_ \/ _` | \ \ \ \
 \\/  ___)| |_)| | | | | || (_| |  ) ) ) )
  '  |____| .__|_| |_|_| |_\__, | / / / /
 =========|_|==============|___/=/_/_/_/
 :: Spring Boot ::                (v2.6.2)

2022-01-08 23:32:13.474  INFO 83885 --- [    Test worker] c.r.r.RollbarDemoApplicationTests        : Starting RollbarDemoApplicationTests using Java 11.0.11 on UE-M-NOTE-0180.local with PID 83885 (started by mukul.jha in /Users/mukul.jha/Documents/RollbarSpringbootDemo)
2022-01-08 23:32:13.475  INFO 83885 --- [    Test worker] c.r.r.RollbarDemoApplicationTests        : No active profile set, falling back to default profiles: default
2022-01-08 23:32:15.253  INFO 83885 --- [    Test worker] c.r.r.RollbarDemoApplicationTests        : Started RollbarDemoApplicationTests in 2.161 seconds (JVM running for 3.376)
]]></system-out>
  <system-err><![CDATA[]]></system-err>
</testsuite>
